================================================================================
Bayesian Analysis Log
Started: 2025-12-03 23:43:08
================================================================================

WARNING (pytensor.tensor.blas): Using NumPy C-API based implementation for BLAS functions.
Note: Bayesian analysis is slower than MLE/PhyloDeep
Note: Bayesian analysis is slower than MLE/PhyloDeep
Note: Bayesian works on all tip sizes (no minimum requirement)
================================================================================
Bayesian Analysis
================================================================================

[STEP 1] Loading tree metadata...
--------------------------------------------------------------------------------
Loaded 8655 tree records
Tip size range: 10 - 500

Analyzing trees with tip sizes: [10, 11, 12, 13, 14, 15, 16, 17, 18, 19]...
[PRESERVE] Using existing output directory: /Users/santoshdesai/Documents/Desai_Projects/PhyloDeepPOMP/output/bayesian_results

[INFO] Found 56 existing result files. Only processing 435 missing tip sizes: [10, 11, 12, 13, 14, 15, 16, 17, 18, 19]...

[STEP 2] Running Bayesian on trees...
--------------------------------------------------------------------------------
Using sampling probability: 0.5
Using parallel processing with 9 workers

================================================================================
Analyzing trees with n=10 tips
================================================================================
Found 330 trees with 10 tips
WARNING (pytensor.tensor.blas): Using NumPy C-API based implementation for BLAS functions.
WARNING (pytensor.tensor.blas): Using NumPy C-API based implementation for BLAS functions.
WARNING (pytensor.tensor.blas): Using NumPy C-API based implementation for BLAS functions.
WARNING (pytensor.tensor.blas): Using NumPy C-API based implementation for BLAS functions.
WARNING (pytensor.tensor.blas): Using NumPy C-API based implementation for BLAS functions.
WARNING (pytensor.tensor.blas): Using NumPy C-API based implementation for BLAS functions.
WARNING (pytensor.tensor.blas): Using NumPy C-API based implementation for BLAS functions.
WARNING (pytensor.tensor.blas): Using NumPy C-API based implementation for BLAS functions.
WARNING (pytensor.tensor.blas): Using NumPy C-API based implementation for BLAS functions.
/opt/homebrew/Cellar/python@3.11/3.11.14_1/Frameworks/Python.framework/Versions/3.11/lib/python3.11/multiprocessing/resource_tracker.py:254: UserWarning: resource_tracker: There appear to be 5 leaked semaphore objects to clean up at shutdown
  warnings.warn('resource_tracker: There appear to be %d '
