2025-12-03 23:43:08,209 - INFO - ================================================================================
2025-12-03 23:43:08,210 - INFO - DAEMON STARTED
2025-12-03 23:43:08,210 - INFO - ================================================================================
2025-12-03 23:43:08,210 - INFO - PID: 51779
2025-12-03 23:43:08,211 - INFO - Log file: /Users/santoshdesai/Documents/Desai_Projects/PhyloDeepPOMP/output/daemon/daemon.log
2025-12-03 23:43:08,211 - INFO - Working directory: /Users/santoshdesai/Documents/Desai_Projects/PhyloDeepPOMP/src/analysis
2025-12-03 23:43:08,211 - INFO - Clean output mode: False
2025-12-03 23:43:08,211 - INFO - ================================================================================
2025-12-03 23:43:08,212 - INFO - PRESERVE MODE: Keeping existing results and logs
2025-12-03 23:43:08,212 - INFO - Only missing analyses will be run
2025-12-03 23:43:08,212 - INFO - ================================================================================
2025-12-03 23:43:08,213 - INFO - 
================================================================================
2025-12-03 23:43:08,213 - INFO - Starting all analyses in parallel...
2025-12-03 23:43:08,214 - INFO - ================================================================================
2025-12-03 23:43:09,344 - INFO - [OK] MLE completed
2025-12-03 23:43:14,101 - INFO - [OK] PhyloDeep completed
2025-12-03 23:43:48,187 - ERROR - Daemon error: A process in the process pool was terminated abruptly while the future was running or pending.
Traceback (most recent call last):
  File "/Users/santoshdesai/Documents/Desai_Projects/PhyloDeepPOMP/src/analysis/daemon_runner.py", line 860, in daemon_main
    success, error, elapsed = future.result()
                              ^^^^^^^^^^^^^^^
  File "/opt/homebrew/Cellar/python@3.11/3.11.14_1/Frameworks/Python.framework/Versions/3.11/lib/python3.11/concurrent/futures/_base.py", line 449, in result
    return self.__get_result()
           ^^^^^^^^^^^^^^^^^^^
  File "/opt/homebrew/Cellar/python@3.11/3.11.14_1/Frameworks/Python.framework/Versions/3.11/lib/python3.11/concurrent/futures/_base.py", line 401, in __get_result
    raise self._exception
concurrent.futures.process.BrokenProcessPool: A process in the process pool was terminated abruptly while the future was running or pending.
2025-12-03 23:43:48,200 - INFO - Daemon stopped
