================================================================================
MLE Analysis Log
Started: 2025-12-03 23:43:08
================================================================================

Note: MLE works on all tip sizes (no minimum requirement)
================================================================================
MLE Analysis
================================================================================

[STEP 1] Loading tree metadata...
--------------------------------------------------------------------------------
Loaded 8655 tree records
Tip size range: 10 - 500

Analyzing trees with tip sizes: [10, 11, 12, 13, 14, 15, 16, 17, 18, 19]...
[PRESERVE] Using existing output directory: /Users/santoshdesai/Documents/Desai_Projects/PhyloDeepPOMP/output/mle_results

[INFO] All 491 tip sizes already have results. Skipping analysis.

================================================================================
Completed: 2025-12-03 23:43:09
Exit code: 0
Elapsed time: 1.07 seconds
================================================================================
